<?xml version="1.0" encoding="UTF-8"?>
<!-- Generated by org.testng.reporters.JUnitXMLReporter -->
<testsuite ignored="3" hostname="Soham" failures="0" tests="1" name="Default test" time="16.882" errors="0" timestamp="2025-04-11T19:24:24 IST">
  <testcase classname="testCases.HomePageTest" name="verifyCalculateWithDiscount" time="13.145"/>
  <testcase classname="testCases.HomePageTest" name="costCalcSectionOnHomePage" time="0.0">
    <ignored/>
  </testcase> <!-- costCalcSectionOnHomePage -->
  <testcase classname="testCases.HomePageTest" name="todoListSectionOnHomePage" time="0.0">
    <ignored/>
  </testcase> <!-- todoListSectionOnHomePage -->
  <testcase classname="testCases.HomePageTest" name="verifyCalculatorWithoutDiscount" time="0.0">
    <ignored/>
  </testcase> <!-- verifyCalculatorWithoutDiscount -->
</testsuite> <!-- Default test -->
