<?xml version="1.0" encoding="UTF-8"?>
<!-- Generated by org.testng.reporters.JUnitXMLReporter -->
<testsuite ignored="0" hostname="Soham" failures="0" tests="3" name="Default test" time="13.794" errors="0" timestamp="2025-04-10T19:19:49 IST">
  <testcase classname="testCases.LoginTest" name="loginWithInvalidCredentials" time="1.58"/>
  <testcase classname="testCases.LoginTest" name="logintoapplication" time="3.033"/>
  <testcase classname="testCases.LoginTest" name="verifyURLOfApplication" time="0.015"/>
</testsuite> <!-- Default test -->
