<?xml version="1.0" encoding="UTF-8"?>
<testng-results ignored="0" total="3" passed="3" failed="0" skipped="0">
  <reporter-output>
    <line>
      <![CDATA[Login working as expected]]>
    </line>
    <line>
      <![CDATA[Login successful--https://gor-pathology.web.app/dashboard]]>
    </line>
  </reporter-output>
  <suite started-at="2025-04-10T19:19:35 IST" name="Default suite" finished-at="2025-04-10T19:19:49 IST" duration-ms="13794">
    <groups>
    </groups>
    <test started-at="2025-04-10T19:19:35 IST" name="Default test" finished-at="2025-04-10T19:19:49 IST" duration-ms="13794">
      <class name="testCases.LoginTest">
        <test-method is-config="true" signature="setup()[pri:0, instance:testCases.LoginTest@72cc7e6f]" started-at="2025-04-10T19:19:35 IST" name="setup" finished-at="2025-04-10T19:19:39 IST" duration-ms="3788" status="PASS">
          <reporter-output>
          </reporter-output>
        </test-method> <!-- setup -->
        <test-method signature="loginWithInvalidCredentials()[pri:0, instance:testCases.LoginTest@72cc7e6f]" started-at="2025-04-10T19:19:39 IST" name="loginWithInvalidCredentials" finished-at="2025-04-10T19:19:41 IST" duration-ms="1580" status="PASS">
          <reporter-output>
            <line>
              <![CDATA[Login working as expected]]>
            </line>
          </reporter-output>
        </test-method> <!-- loginWithInvalidCredentials -->
        <test-method is-config="true" signature="closeBrowser(org.testng.ITestResult)[pri:0, instance:testCases.LoginTest@72cc7e6f]" started-at="2025-04-10T19:19:41 IST" name="closeBrowser" finished-at="2025-04-10T19:19:41 IST" duration-ms="115" status="PASS">
          <params>
            <param index="0">
              <value>
                <![CDATA[[TestResult name=loginWithInvalidCredentials status=SUCCESS method=LoginTest.loginWithInvalidCredentials()[pri:0, instance:testCases.LoginTest@72cc7e6f] output=Login working as expected]]]>
              </value>
            </param>
          </params>
          <reporter-output>
          </reporter-output>
        </test-method> <!-- closeBrowser -->
        <test-method is-config="true" signature="setup()[pri:0, instance:testCases.LoginTest@72cc7e6f]" started-at="2025-04-10T19:19:41 IST" name="setup" finished-at="2025-04-10T19:19:43 IST" duration-ms="2457" status="PASS">
          <reporter-output>
          </reporter-output>
        </test-method> <!-- setup -->
        <test-method signature="logintoapplication()[pri:0, instance:testCases.LoginTest@72cc7e6f]" started-at="2025-04-10T19:19:43 IST" name="logintoapplication" finished-at="2025-04-10T19:19:46 IST" duration-ms="3033" status="PASS">
          <reporter-output>
            <line>
              <![CDATA[Login successful--https://gor-pathology.web.app/dashboard]]>
            </line>
          </reporter-output>
        </test-method> <!-- logintoapplication -->
        <test-method is-config="true" signature="closeBrowser(org.testng.ITestResult)[pri:0, instance:testCases.LoginTest@72cc7e6f]" started-at="2025-04-10T19:19:46 IST" name="closeBrowser" finished-at="2025-04-10T19:19:46 IST" duration-ms="159" status="PASS">
          <params>
            <param index="0">
              <value>
                <![CDATA[[TestResult name=logintoapplication status=SUCCESS method=LoginTest.logintoapplication()[pri:0, instance:testCases.LoginTest@72cc7e6f] output=Login successful--https://gor-pathology.web.app/dashboard]]]>
              </value>
            </param>
          </params>
          <reporter-output>
          </reporter-output>
        </test-method> <!-- closeBrowser -->
        <test-method is-config="true" signature="setup()[pri:0, instance:testCases.LoginTest@72cc7e6f]" started-at="2025-04-10T19:19:46 IST" name="setup" finished-at="2025-04-10T19:19:49 IST" duration-ms="2496" status="PASS">
          <reporter-output>
          </reporter-output>
        </test-method> <!-- setup -->
        <test-method signature="verifyURLOfApplication()[pri:0, instance:testCases.LoginTest@72cc7e6f]" started-at="2025-04-10T19:19:49 IST" name="verifyURLOfApplication" finished-at="2025-04-10T19:19:49 IST" duration-ms="15" status="PASS">
          <reporter-output>
          </reporter-output>
        </test-method> <!-- verifyURLOfApplication -->
        <test-method is-config="true" signature="closeBrowser(org.testng.ITestResult)[pri:0, instance:testCases.LoginTest@72cc7e6f]" started-at="2025-04-10T19:19:49 IST" name="closeBrowser" finished-at="2025-04-10T19:19:49 IST" duration-ms="99" status="PASS">
          <params>
            <param index="0">
              <value>
                <![CDATA[[TestResult name=verifyURLOfApplication status=SUCCESS method=LoginTest.verifyURLOfApplication()[pri:0, instance:testCases.LoginTest@72cc7e6f] output={null}]]]>
              </value>
            </param>
          </params>
          <reporter-output>
          </reporter-output>
        </test-method> <!-- closeBrowser -->
      </class> <!-- testCases.LoginTest -->
    </test> <!-- Default test -->
  </suite> <!-- Default suite -->
</testng-results>
